[2015.10.09-22.04.35:174][  0]Log file open, 10/09/15 15:04:35
[2015.10.09-22.04.35:174][  0]LogInit:Display: Running engine for game: OctoberJam
[2015.10.09-22.04.35:174][  0]LogInit:Display: RandInit(1862085418) SRandInit(1862085418).
[2015.10.09-22.04.35:174][  0]LogTaskGraph: Started task graph with 4 named threads and 8 total threads.
[2015.10.09-22.04.35:174][  0]LogStats: Stats thread started at 0.076365
[2015.10.09-22.04.35:174][  0]LogInit: Version: 4.9.2-2707645+++depot+UE4-Releases+4.9
[2015.10.09-22.04.35:174][  0]LogInit: API Version: 2672455
[2015.10.09-22.04.35:174][  0]LogInit: Compiled (64-bit): Sep 28 2015 10:25:44
[2015.10.09-22.04.35:174][  0]LogInit: Compiled with Visual C++: 18.00.21005.01
[2015.10.09-22.04.35:174][  0]LogInit: Build Configuration: Development
[2015.10.09-22.04.35:174][  0]LogInit: Branch Name: ++depot+UE4-Releases+4.9
[2015.10.09-22.04.35:174][  0]LogInit: Command line:  
[2015.10.09-22.04.35:174][  0]LogInit: Base directory: C:/Program Files/Unreal Engine/4.9/Engine/Binaries/Win64/
[2015.10.09-22.04.35:174][  0]LogInit: Rocket: 1
[2015.10.09-22.04.35:180][  0]LogInit: Using libcurl 7.41.0
[2015.10.09-22.04.35:180][  0]LogInit:  - built for x86_64-pc-win32
[2015.10.09-22.04.35:180][  0]LogInit:  - supports SSL with WinSSL
[2015.10.09-22.04.35:180][  0]LogInit:  - other features:
[2015.10.09-22.04.35:180][  0]LogInit:      CURL_VERSION_SSL
[2015.10.09-22.04.35:180][  0]LogInit:      CURL_VERSION_IPV6
[2015.10.09-22.04.35:180][  0]LogInit:      CURL_VERSION_ASYNCHDNS
[2015.10.09-22.04.35:180][  0]LogInit:      CURL_VERSION_LARGEFILE
[2015.10.09-22.04.35:180][  0]LogInit:      CURL_VERSION_IDN
[2015.10.09-22.04.35:180][  0]LogInit:  CurlRequestOptions (configurable via config and command line):
[2015.10.09-22.04.35:180][  0]LogInit:  - bVerifyPeer = true  - Libcurl will verify peer certificate
[2015.10.09-22.04.35:180][  0]LogInit:  - bUseHttpProxy = false  - Libcurl will NOT use HTTP proxy
[2015.10.09-22.04.35:180][  0]LogInit:  - bDontReuseConnections = false  - Libcurl will reuse connections
[2015.10.09-22.04.35:180][  0]LogInit:  - CertBundlePath = nullptr  - Libcurl will use whatever was configured at build time.
[2015.10.09-22.04.35:186][  0]LogInit: Presizing for 0 objects not considered by GC, pre-allocating 0 bytes.
[2015.10.09-22.04.35:193][  0]LogInit: Object subsystem initialized
[2015.10.09-22.04.35:194][  0]LogInit: Selected Device Profile: [Windows]
[2015.10.09-22.04.35:194][  0]LogInit: Applying CVar settings loaded from the selected device profile: [Windows]
[2015.10.09-22.04.35:200][  0]LogInit: Computer: PRAWNZZ-PC
[2015.10.09-22.04.35:200][  0]LogInit: User: prawnzz
[2015.10.09-22.04.35:200][  0]LogInit: CPU Page size=4096, Cores=6
[2015.10.09-22.04.35:200][  0]LogInit: High frequency timer resolution =3.906337 MHz
[2015.10.09-22.04.35:200][  0]LogMemory: Memory total: Physical=12.0GB (12GB approx)
[2015.10.09-22.04.35:200][  0]LogMemory: Platform Memory Stats for Windows
[2015.10.09-22.04.35:200][  0]LogMemory: Process Physical Memory: 56.14 MB used, 56.14 MB peak
[2015.10.09-22.04.35:200][  0]LogMemory: Process Virtual Memory: 58.20 MB used, 58.20 MB peak
[2015.10.09-22.04.35:200][  0]LogMemory: Physical Memory: 3820.23 MB used, 12279.11 MB total
[2015.10.09-22.04.35:200][  0]LogMemory: Virtual Memory: 338.50 MB used, 8388608.00 MB total
[2015.10.09-22.04.35:234][  0]LogTextLocalizationManager: No specific translations for ('en-US') exist, so ('en') translations will be used.
[2015.10.09-22.04.35:770][  0]LogD3D11RHI: Found D3D11 adapter 0: AMD Radeon HD 7900 Series (Feature Level 11_0)
[2015.10.09-22.04.35:770][  0]LogD3D11RHI: Adapter has 3051MB of dedicated video memory, 0MB of dedicated system memory, and 3840MB of shared system memory, 2 output[s]
[2015.10.09-22.04.35:770][  0]LogD3D11RHI: Chosen D3D11 Adapter Id = 0
[2015.10.09-22.04.35:773][  0]LogD3D11RHI: !Direct3DDevice
[2015.10.09-22.04.35:773][  0]LogRHI: Texture pool is 1361 MB (70% of 1945 MB)
[2015.10.09-22.04.35:778][  0]LogD3D11RHI: Async texture creation disabled: no driver support
[2015.10.09-22.04.35:787][  0]LogShaderCompilers: Guid format shader working directory is 15 characters bigger than the processId version (../../../../../../Users/prawnzz/Documents/Unreal Projects/OctoberGameJam/OctoberJam/Intermediate/Shaders/WorkingDirectory/7564/).
[2015.10.09-22.04.35:787][  0]LogShaderCompilers: Cleaned the shader compiler working directory '../../../../../../Users/prawnzz/Documents/Unreal Projects/OctoberGameJam/OctoberJam/Intermediate/Shaders/tmp/10028C9C4C812B7BF6BD38826A6F043F/'.
[2015.10.09-22.04.35:787][  0]LogShaderCompilers:Display: Using Local Shader Compiler.
[2015.10.09-22.04.36:821][  0]LogTemp:Display: Loaded TP AllDesktopTargetPlatform
[2015.10.09-22.04.36:826][  0]LogTemp:Display: Loaded TP WindowsClientTargetPlatform
[2015.10.09-22.04.36:831][  0]LogTemp:Display: Loaded TP WindowsNoEditorTargetPlatform
[2015.10.09-22.04.36:835][  0]LogTemp:Display: Loaded TP WindowsServerTargetPlatform
[2015.10.09-22.04.36:839][  0]LogTemp:Display: Loaded TP WindowsTargetPlatform
[2015.10.09-22.04.36:843][  0]LogTemp:Display: Loaded TP AndroidTargetPlatform
[2015.10.09-22.04.36:846][  0]LogTemp:Display: Loaded TP Android_ASTCTargetPlatform
[2015.10.09-22.04.36:849][  0]LogTemp:Display: Loaded TP Android_ATCTargetPlatform
[2015.10.09-22.04.36:853][  0]LogTemp:Display: Loaded TP Android_DXTTargetPlatform
[2015.10.09-22.04.36:856][  0]LogTemp:Display: Loaded TP Android_ETC1TargetPlatform
[2015.10.09-22.04.36:859][  0]LogTemp:Display: Loaded TP Android_ETC2TargetPlatform
[2015.10.09-22.04.36:863][  0]LogTemp:Display: Loaded TP Android_PVRTCTargetPlatform
[2015.10.09-22.04.36:863][  0]LogTemp:Display: Loaded TP HTML5TargetPlatform
[2015.10.09-22.04.36:879][  0]LogTemp:Display: Loaded TP IOSTargetPlatform
[2015.10.09-22.04.36:882][  0]LogTemp:Display: Loaded TP LinuxNoEditorTargetPlatform
[2015.10.09-22.04.36:885][  0]LogTemp:Display: Loaded TP LinuxServerTargetPlatform
[2015.10.09-22.04.36:888][  0]LogTemp:Display: Loaded TP LinuxTargetPlatform
[2015.10.09-22.04.36:888][  0]LogTargetPlatformManager:Display: Building Assets For Windows
[2015.10.09-22.04.36:957][  0]LogDerivedDataCache:Display: Max Cache Size: 512 MB
[2015.10.09-22.04.37:003][  0]LogDerivedDataCache: Loaded boot cache 0.05s 41MB C:/Users/prawnzz/AppData/Local/UnrealEngine/4.9/DerivedDataCache/Boot.ddc.
[2015.10.09-22.04.37:003][  0]LogDerivedDataCache:Display: Loaded Boot cache: C:/Users/prawnzz/AppData/Local/UnrealEngine/4.9/DerivedDataCache/Boot.ddc
[2015.10.09-22.04.37:003][  0]LogDerivedDataCache: FDerivedDataBackendGraph:  Pak pak cache file ../../../../../../Users/prawnzz/Documents/Unreal Projects/OctoberGameJam/OctoberJam/DerivedDataCache/DDC.ddp not found, will not use a pak cache.
[2015.10.09-22.04.37:003][  0]LogDerivedDataCache: Unable to find inner node Pak for hierarchical cache Hierarchy.
[2015.10.09-22.04.37:003][  0]LogDerivedDataCache: FDerivedDataBackendGraph:  CompressedPak pak cache file ../../../../../../Users/prawnzz/Documents/Unreal Projects/OctoberGameJam/OctoberJam/DerivedDataCache/Compressed.ddp not found, will not use a pak cache.
[2015.10.09-22.04.37:003][  0]LogDerivedDataCache: Unable to find inner node CompressedPak for hierarchical cache Hierarchy.
[2015.10.09-22.04.37:131][  0]LogDerivedDataCache:Display: Pak cache opened for reading ../../../Engine/DerivedDataCache/Compressed.ddp.
[2015.10.09-22.04.37:142][  0]LogDerivedDataCache: Using Local data cache path C:/Users/prawnzz/AppData/Local/UnrealEngine/Common/DerivedDataCache: Writable
[2015.10.09-22.04.37:304][  0]LogInit: Selected Device Profile: [Windows]
[2015.10.09-22.04.37:304][  0]LogContentStreaming: Texture pool size is 0.000000MB
[2015.10.09-22.04.37:326][  0]LogMeshUtilities: No automatic mesh reduction module available
[2015.10.09-22.04.37:326][  0]LogMeshUtilities: No automatic mesh merging module available
[2015.10.09-22.04.37:671][  0]LogInit: WinSock: version 1.1 (2.2), MaxSocks=32767, MaxUdp=65467
[2015.10.09-22.04.38:306][  0]UdpMessaging: Initializing bridge on interface 0.0.0.0:0 to multicast group 230.0.0.1:6666.
[2015.10.09-22.04.38:399][  0]LogAssetRegistry: FAssetRegistry took 0.0098 seconds to start up
[2015.10.09-22.04.38:543][  0]SourceControl: Info Source control is disabled
[2015.10.09-22.04.38:548][  0]SourceControl: Info Source control is disabled
[2015.10.09-22.04.38:557][  0]SourceControl: Info Source control is disabled
[2015.10.09-22.04.38:565][  0]SourceControl: Info Source control is disabled
[2015.10.09-22.04.38:683][  0]LogLinker:Warning: Asset '../../../Engine/Plugins/Runtime/LeapMotionController/Content/LM_PassthroughMaterial.uasset' has been saved with empty engine version. The asset will be loaded but may be incompatible.
[2015.10.09-22.04.38:748][  0]LogObj: 28369 objects as part of root set at end of initial load.
[2015.10.09-22.04.38:748][  0]LogUObjectAllocator: 6047944 out of 0 bytes used by permanent object pool.
[2015.10.09-22.04.38:805][  0]LogEngine: Initializing Engine...
[2015.10.09-22.04.38:807][  0]LogHMD: Can't find Oculus library dev build: is proper Runtime installed? Version: 0.7.0.0
[2015.10.09-22.04.38:812][  0]LogHMD: SteamVR failed to initialize.  Err: 108
[2015.10.09-22.04.38:928][  0]LogAIModule: Creating AISystem for world NewWorld
[2015.10.09-22.04.38:937][  0]LogInit: XAudio2 using 'SPDIF Interface (2- FiiO USB DAC-E10)' : 2 channels at 44.1 kHz using 16 bits per sample (channel mask 0x3)
[2015.10.09-22.04.38:940][  0]LogInit: FAudioDevice initialized.
[2015.10.09-22.04.38:962][  0]LogDerivedDataCache: Saved boot cache 0.02s 41MB C:/Users/prawnzz/AppData/Local/UnrealEngine/4.9/DerivedDataCache/Boot.ddc.
[2015.10.09-22.04.38:968][  0]LogInit: Texture streaming: Enabled
[2015.10.09-22.04.38:972][  0]LogAnalytics: Creating configured Analytics provider AnalyticsET
[2015.10.09-22.04.38:972][  0]LogAnalytics: [UEEditor.Rocket.Release] APIServer = http://et2.epicgames.com/ET2/. AppVersion = 4.9.2-2707645+++depot+UE4-Releases+4.9
[2015.10.09-22.04.38:972][  0]LogAnalytics: [UEEditor.Rocket.Release] SetUserId 8bd40c884d3c2ab0bc9ce39c5539dd8c|28cbfbc7e0e348f78262be076826c1b4|c7563aac-a8d7-4913-af83-a946468289fe
[2015.10.09-22.04.38:972][  0]LogAnalytics: [UEEditor.Rocket.Release] AnalyticsET::StartSession
[2015.10.09-22.04.38:986][  0]LogInit: Transaction tracking system initialized
[2015.10.09-22.04.39:008][  0]BlueprintLog: New page: Editor Load
[2015.10.09-22.04.39:071][  0]LocalizationService: Info Localization service is disabled
[2015.10.09-22.04.39:352][  0]LogConsoleResponse:Display: 
[2015.10.09-22.04.39:452][  0]LogCook:Display: Done creating registry. It took  0.00s.
[2015.10.09-22.04.39:495][  0]LogFileCache: Scanning file cache for directory 'C:/Users/prawnzz/Documents/Unreal Projects/OctoberGameJam/OctoberJam/Content/' took 0.01s
[2015.10.09-22.04.39:495][  0]SourceControl: Info Source control is disabled
[2015.10.09-22.04.39:495][  0]Cmd: MAP LOAD FILE="../../../Engine/Content/Maps/Templates/Template_Default.umap" TEMPLATE=1 SHOWPROGRESS=1 FEATURELEVEL=3
[2015.10.09-22.04.39:495][  0]LightingResults: New page: Lighting Build
[2015.10.09-22.04.39:497][  0]MapCheck: New page: Map Check
[2015.10.09-22.04.39:497][  0]LightingResults: New page: Lighting Build
[2015.10.09-22.04.39:505][  0]LogParticles: Destroying 0 GPU particle simulations for FXSystem 0x0000000021B46160
[2015.10.09-22.04.39:783][  0]LogAIModule: Creating AISystem for world Untitled_1
[2015.10.09-22.04.39:788][  0]LogEditorServer: Finished looking for orphan Actors (0.000 secs)
[2015.10.09-22.04.39:816][  0]Cmd: MAP CHECKDEP NOCLEARLOG
[2015.10.09-22.04.39:854][  0]MapCheck: Info Map check complete: 0 Error(s), 0 Warning(s), took 38.012ms to complete.
[2015.10.09-22.04.39:854][  0]LogFileHelpers: Loading map 'Template_Default' took 0.359
[2015.10.09-22.04.39:970][  0]LogCollectionManager: Loaded 0 collections in 0.001489 seconds
[2015.10.09-22.04.40:010][  0]LogFileCache: Scanning file cache for directory 'C:/Users/prawnzz/Documents/Unreal Projects/OctoberGameJam/OctoberJam/Saved/Collections/' took 0.01s
[2015.10.09-22.04.40:010][  0]LogFileCache: Scanning file cache for directory 'C:/Users/prawnzz/Documents/Unreal Projects/OctoberGameJam/OctoberJam/Content/Developers/prawnzz/Collections/' took 0.01s
[2015.10.09-22.04.40:010][  0]LogFileCache: Scanning file cache for directory 'C:/Users/prawnzz/Documents/Unreal Projects/OctoberGameJam/OctoberJam/Content/Collections/' took 0.01s
[2015.10.09-22.04.40:010][  0]LogContentBrowser: Native class hierarchy populated in 0.0083 seconds. Added 1868 classes and 336 folders.
[2015.10.09-22.04.40:023][  0]LogCollectionManager: Rebuilt the GUID cache for 0 collections in 0.000002 seconds
[2015.10.09-22.04.40:029][  0]LogContentBrowser: Native class hierarchy updated for 'WidgetCarousel' in 0.0014 seconds. Added 0 classes and 0 folders.
[2015.10.09-22.04.40:069][  0]LogContentBrowser: Native class hierarchy updated for 'AddContentDialog' in 0.0014 seconds. Added 0 classes and 0 folders.
[2015.10.09-22.04.40:073][  0]LogContentBrowser: Native class hierarchy updated for 'SceneOutliner' in 0.0014 seconds. Added 1 classes and 2 folders.
[2015.10.09-22.04.40:123][  0]LogCrashTracker: Crashtracker disabled due to settings.
[2015.10.09-22.04.40:126][  0]LogUObjectGlobals:Warning: Failed to find object 'Class None.'
[2015.10.09-22.04.40:146][  0]LogLoad: Full Startup: 5.70 seconds (BP compile: 0.04 seconds)
[2015.10.09-22.04.40:190][  0]LogContentStreaming: Texture pool size now 1000 MB
[2015.10.09-22.04.40:307][  0]LogRenderer: Reallocating scene render targets to support 1208x580 (Frame:2).
[2015.10.09-22.04.40:525][  4]LogAssetRegistry: Asset discovery search completed in 2.1353 seconds
[2015.10.09-22.04.40:525][  4]LogCollectionManager: Rebuilt the object cache for 0 collections in 0.000001 seconds (found 0 objects)
[2015.10.09-22.04.40:525][  4]LogCollectionManager: Fixed up redirectors for 0 collections in 0.000021 seconds (updated 0 objects)
[2015.10.09-22.04.59:307][779]LogFactory: FactoryCreateBinary: StaticMesh with FbxFactory (0 0 D:\blender\OctoberJam\SteamValve.fbx)
[2015.10.09-22.04.59:313][779]LogFbx: ItemName: GlobalSettings, ItemCount : 1
[2015.10.09-22.04.59:314][779]LogFbx: ItemName: Geometry, ItemCount : 1
[2015.10.09-22.04.59:314][779]LogFbx: ItemName: Model, ItemCount : 1
[2015.10.09-22.04.59:320][779]LogFbx: Loading FBX Scene from D:\blender\OctoberJam\SteamValve.fbx
[2015.10.09-22.04.59:327][779]LogFbx: FBX Scene Loaded Succesfully
[2015.10.09-22.05.08:554][779]LogFbx: Loading FBX Scene from D:\blender\OctoberJam\SteamValve.fbx
[2015.10.09-22.05.08:561][779]LogFbx: FBX Scene Loaded Succesfully
[2015.10.09-22.05.08:563][779]LogFbx:Warning: Triangulating static mesh Valve
[2015.10.09-22.05.08:861][779]LogStaticMesh: Building static mesh SteamValve...
[2015.10.09-22.05.08:915][779]LogStaticMesh: Built static mesh [0.053795.2s] /Game/Mesh/SteamValve.SteamValve
[2015.10.09-22.05.10:421][946]Cmd: OBJ SAVEPACKAGE PACKAGE="/Game/Mesh/SteamValve" FILE="../../../../../../Users/prawnzz/Documents/Unreal Projects/OctoberGameJam/OctoberJam/Content/Mesh/SteamValve.uasset" SILENT=true
[2015.10.09-22.05.10:431][946]LogSavePackage: Save=9.799718ms
[2015.10.09-22.05.10:431][946]LogSavePackage: Moving '../../../../../../Users/prawnzz/Documents/Unreal Projects/OctoberGameJam/OctoberJam/Saved/SteamValve1200C7614F58F9930FE09A9835BEE254.tmp' to '../../../../../../Users/prawnzz/Documents/Unreal Projects/OctoberGameJam/OctoberJam/Content/Mesh/SteamValve.uasset'
[2015.10.09-22.05.10:432][946]LogSavePackage: Total save time: 10.928139ms
[2015.10.09-22.05.10:432][946]LogSavePackage:Warning: Finished SavePackage ../../../../../../Users/prawnzz/Documents/Unreal Projects/OctoberGameJam/OctoberJam/Content/Mesh/SteamValve.uasset
[2015.10.09-22.05.18:986][923]Cmd: QUIT_EDITOR
[2015.10.09-22.05.19:230][923]LogExit: Preparing to exit.
[2015.10.09-22.05.20:429][923]LogExit: Editor shut down
[2015.10.09-22.05.20:429][923]LogExit: Transaction tracking system shut down
[2015.10.09-22.05.20:430][923]LogParticles: Destroying 0 GPU particle simulations for FXSystem 0x000000001270BA60
[2015.10.09-22.05.20:430][923]LogParticles: Destroying 0 GPU particle simulations for FXSystem 0x0000000007870F40
[2015.10.09-22.05.20:430][923]LogParticles: Destroying 0 GPU particle simulations for FXSystem 0x000000001E76A020
[2015.10.09-22.05.20:541][923]LogExit: Object subsystem successfully closed.
[2015.10.09-22.05.20:560][923]LogD3D11RHI: Shutdown
[2015.10.09-22.05.20:560][923]LogD3D11RHI: CleanupD3DDevice
[2015.10.09-22.05.20:576][923]LogD3D11RHI: ~FD3D11DynamicRHI
[2015.10.09-22.05.20:592][923]LogModuleManager: Shutting down and abandoning module CrashTracker (198)
[2015.10.09-22.05.20:592][923]LogModuleManager: Shutting down and abandoning module SceneOutliner (197)
[2015.10.09-22.05.20:592][923]LogModuleManager: Shutting down and abandoning module SuperSearch (196)
[2015.10.09-22.05.20:592][923]LogModuleManager: Shutting down and abandoning module WidgetCarousel (195)
[2015.10.09-22.05.20:592][923]LogModuleManager: Shutting down and abandoning module AddContentDialog (194)
[2015.10.09-22.05.20:592][923]LogModuleManager: Shutting down and abandoning module EditorWidgets (193)
[2015.10.09-22.05.20:593][923]LogModuleManager: Shutting down and abandoning module CollectionManager (192)
[2015.10.09-22.05.20:593][923]LogModuleManager: Shutting down and abandoning module StatsViewer (191)
[2015.10.09-22.05.20:593][923]LogModuleManager: Shutting down and abandoning module FoliageEdit (190)
[2015.10.09-22.05.20:593][923]LogModuleManager: Shutting down and abandoning module LandscapeEditor (189)
[2015.10.09-22.05.20:593][923]LogModuleManager: Shutting down and abandoning module ActorPickerMode (188)
[2015.10.09-22.05.20:593][923]LogModuleManager: Shutting down and abandoning module GeometryMode (187)
[2015.10.09-22.05.20:593][923]LogModuleManager: Shutting down and abandoning module TextureAlignMode (186)
[2015.10.09-22.05.20:593][923]LogModuleManager: Shutting down and abandoning module BspMode (185)
[2015.10.09-22.05.20:593][923]LogModuleManager: Shutting down and abandoning module PlacementMode (184)
[2015.10.09-22.05.20:593][923]LogModuleManager: Shutting down and abandoning module AutomationWorker (183)
[2015.10.09-22.05.20:593][923]LogModuleManager: Shutting down and abandoning module CharacterAI (182)
[2015.10.09-22.05.20:593][923]LogModuleManager: Shutting down and abandoning module SmartSnapping (181)
[2015.10.09-22.05.20:593][923]LogModuleManager: Shutting down and abandoning module ViewportSnapping (180)
[2015.10.09-22.05.20:593][923]LogModuleManager: Shutting down and abandoning module LogVisualizer (179)
[2015.10.09-22.05.20:593][923]LogModuleManager: Shutting down and abandoning module GameProjectGeneration (178)
[2015.10.09-22.05.20:593][923]LogModuleManager: Shutting down and abandoning module IntroTutorials (177)
[2015.10.09-22.05.20:593][923]LogModuleManager: Shutting down and abandoning module EditorLiveStreaming (176)
[2015.10.09-22.05.20:593][923]LogModuleManager: Shutting down and abandoning module IOSPlatformEditor (175)
[2015.10.09-22.05.20:593][923]LogModuleManager: Shutting down and abandoning module HTML5PlatformEditor (174)
[2015.10.09-22.05.20:593][923]LogModuleManager: Shutting down and abandoning module AndroidDeviceDetection (173)
[2015.10.09-22.05.21:130][923]LogModuleManager: Shutting down and abandoning module AndroidPlatformEditor (172)
[2015.10.09-22.05.21:130][923]LogModuleManager: Shutting down and abandoning module IOSRuntimeSettings (171)
[2015.10.09-22.05.21:130][923]LogModuleManager: Shutting down and abandoning module AndroidRuntimeSettings (170)
[2015.10.09-22.05.21:130][923]LogModuleManager: Shutting down and abandoning module MergeActors (169)
[2015.10.09-22.05.21:130][923]LogModuleManager: Shutting down and abandoning module SizeMap (168)
[2015.10.09-22.05.21:130][923]LogModuleManager: Shutting down and abandoning module TreeMap (167)
[2015.10.09-22.05.21:130][923]LogModuleManager: Shutting down and abandoning module ReferenceViewer (166)
[2015.10.09-22.05.21:130][923]LogModuleManager: Shutting down and abandoning module LocalizationService (165)
[2015.10.09-22.05.21:130][923]LogModuleManager: Shutting down and abandoning module LocalizationDashboard (164)
[2015.10.09-22.05.21:130][923]LogModuleManager: Shutting down and abandoning module HardwareTargeting (163)
[2015.10.09-22.05.21:130][923]LogModuleManager: Shutting down and abandoning module DeviceProfileEditor (162)
[2015.10.09-22.05.21:130][923]LogModuleManager: Shutting down and abandoning module UndoHistory (161)
[2015.10.09-22.05.21:130][923]LogModuleManager: Shutting down and abandoning module GameplayTagsEditor (160)
[2015.10.09-22.05.21:130][923]LogModuleManager: Shutting down and abandoning module UserFeedback (159)
[2015.10.09-22.05.21:130][923]LogModuleManager: Shutting down and abandoning module XmlParser (158)
[2015.10.09-22.05.21:130][923]LogModuleManager: Shutting down and abandoning module Blutility (157)
[2015.10.09-22.05.21:130][923]LogModuleManager: Shutting down and abandoning module ProjectTargetPlatformEditor (156)
[2015.10.09-22.05.21:130][923]LogModuleManager: Shutting down and abandoning module ProjectSettingsViewer (155)
[2015.10.09-22.05.21:130][923]LogModuleManager: Shutting down and abandoning module InputBindingEditor (154)
[2015.10.09-22.05.21:130][923]LogModuleManager: Shutting down and abandoning module EditorSettingsViewer (153)
[2015.10.09-22.05.21:130][923]LogModuleManager: Shutting down and abandoning module SettingsEditor (152)
[2015.10.09-22.05.21:130][923]LogModuleManager: Shutting down and abandoning module ProjectLauncher (151)
[2015.10.09-22.05.21:130][923]LogModuleManager: Shutting down and abandoning module SessionFrontend (150)
[2015.10.09-22.05.21:130][923]LogModuleManager: Shutting down and abandoning module ProfilerClient (149)
[2015.10.09-22.05.21:130][923]LogModuleManager: Shutting down and abandoning module TargetDeviceServices (148)
[2015.10.09-22.05.21:130][923]LogModuleManager: Shutting down and abandoning module DeviceManager (147)
[2015.10.09-22.05.21:130][923]LogModuleManager: Shutting down and abandoning module AutomationController (146)
[2015.10.09-22.05.21:130][923]LogModuleManager: Shutting down and abandoning module AutomationWindow (145)
[2015.10.09-22.05.21:130][923]LogModuleManager: Shutting down and abandoning module Layers (144)
[2015.10.09-22.05.21:130][923]LogModuleManager: Shutting down and abandoning module ComponentVisualizers (143)
[2015.10.09-22.05.21:130][923]LogModuleManager: Shutting down and abandoning module DetailCustomizations (142)
[2015.10.09-22.05.21:130][923]LogModuleManager: Shutting down and abandoning module PackagesDialog (141)
[2015.10.09-22.05.21:131][923]LogModuleManager: Shutting down and abandoning module Persona (140)
[2015.10.09-22.05.21:131][923]LogModuleManager: Shutting down and abandoning module Kismet (139)
[2015.10.09-22.05.21:131][923]LogModuleManager: Shutting down and abandoning module GraphEditor (138)
[2015.10.09-22.05.21:131][923]LogModuleManager: Shutting down and abandoning module ClassViewer (137)
[2015.10.09-22.05.21:131][923]LogModuleManager: Shutting down and abandoning module Toolbox (136)
[2015.10.09-22.05.21:131][923]LogModuleManager: Shutting down and abandoning module ModuleUI (135)
[2015.10.09-22.05.21:131][923]LogModuleManager: Shutting down and abandoning module MovieSceneTools (134)
[2015.10.09-22.05.21:131][923]LogModuleManager: Shutting down and abandoning module OutputLog (133)
[2015.10.09-22.05.21:131][923]LogModuleManager: Shutting down and abandoning module GammaUI (132)
[2015.10.09-22.05.21:131][923]LogModuleManager: Shutting down and abandoning module Documentation (131)
[2015.10.09-22.05.21:131][923]LogModuleManager: Shutting down and abandoning module GameLiveStreaming (130)
[2015.10.09-22.05.21:131][923]LogModuleManager: Shutting down and abandoning module StreamingPauseRendering (129)
[2015.10.09-22.05.21:131][923]LogModuleManager: Shutting down and abandoning module AnalyticsET (128)
[2015.10.09-22.05.21:131][923]LogModuleManager: Shutting down and abandoning module Analytics (127)
[2015.10.09-22.05.21:131][923]LogModuleManager: Shutting down and abandoning module AITestSuite (126)
[2015.10.09-22.05.21:131][923]LogModuleManager: Shutting down and abandoning module GameplayDebugger (125)
[2015.10.09-22.05.21:131][923]LogModuleManager: Shutting down and abandoning module AIModule (124)
[2015.10.09-22.05.21:131][923]LogModuleManager: Shutting down and abandoning module ProfilerService (123)
[2015.10.09-22.05.21:257][923]LogModuleManager: Shutting down and abandoning module TaskGraph (122)
[2015.10.09-22.05.21:257][923]LogModuleManager: Shutting down and abandoning module SlateRemote (121)
[2015.10.09-22.05.21:257][923]LogModuleManager: Shutting down and abandoning module SteamVRController (120)
[2015.10.09-22.05.21:257][923]LogModuleManager: Shutting down and abandoning module SteamVR (119)
[2015.10.09-22.05.21:257][923]LogModuleManager: Shutting down and abandoning module ProceduralMeshComponent (118)
[2015.10.09-22.05.21:257][923]LogModuleManager: Shutting down and abandoning module OculusRift (117)
[2015.10.09-22.05.21:257][923]LogModuleManager: Shutting down and abandoning module OculusLibrary (116)
[2015.10.09-22.05.21:257][923]LogModuleManager: Shutting down and abandoning module LeapMotionController (115)
[2015.10.09-22.05.21:263][923]LogModuleManager: Shutting down and abandoning module CustomMeshComponent (114)
[2015.10.09-22.05.21:263][923]LogModuleManager: Shutting down and abandoning module CableComponent (113)
[2015.10.09-22.05.21:263][923]LogModuleManager: Shutting down and abandoning module ArchVisCharacter (112)
[2015.10.09-22.05.21:263][923]LogModuleManager: Shutting down and abandoning module MessagingDebugger (111)
[2015.10.09-22.05.21:263][923]LogModuleManager: Shutting down and abandoning module MediaPlayerEditor (110)
[2015.10.09-22.05.21:263][923]LogModuleManager: Shutting down and abandoning module HTML5Networking (109)
[2015.10.09-22.05.21:263][923]LogModuleManager: Shutting down and abandoning module SpeedTreeImporter (108)
[2015.10.09-22.05.21:263][923]LogModuleManager: Shutting down and abandoning module PluginBrowser (107)
[2015.10.09-22.05.21:263][923]LogModuleManager: Shutting down and abandoning module EpicSurvey (106)
[2015.10.09-22.05.21:263][923]LogModuleManager: Shutting down and abandoning module DesktopPlatform (105)
[2015.10.09-22.05.21:263][923]LogModuleManager: Shutting down and abandoning module VisualStudioSourceCodeAccess (104)
[2015.10.09-22.05.21:263][923]LogModuleManager: Shutting down and abandoning module UObjectPlugin (103)
[2015.10.09-22.05.21:263][923]LogModuleManager: Shutting down and abandoning module SubversionSourceControl (102)
[2015.10.09-22.05.21:263][923]LogModuleManager: Shutting down and abandoning module PerforceSourceControl (101)
[2015.10.09-22.05.21:263][923]LogModuleManager: Shutting down and abandoning module SourceControl (100)
[2015.10.09-22.05.21:263][923]LogModuleManager: Shutting down and abandoning module GitSourceControl (99)
[2015.10.09-22.05.21:263][923]LogModuleManager: Shutting down and abandoning module LightPropagationVolumeEditor (98)
[2015.10.09-22.05.21:263][923]LogModuleManager: Shutting down and abandoning module PaperTiledImporter (97)
[2015.10.09-22.05.21:263][923]LogModuleManager: Shutting down and abandoning module PaperSpriteSheetImporter (96)
[2015.10.09-22.05.21:263][923]LogModuleManager: Shutting down and abandoning module MeshPaint (95)
[2015.10.09-22.05.21:263][923]LogModuleManager: Shutting down and abandoning module SlateReflector (94)
[2015.10.09-22.05.21:263][923]LogModuleManager: Shutting down and abandoning module HotReload (93)
[2015.10.09-22.05.21:263][923]LogModuleManager: Shutting down and abandoning module MainFrame (92)
[2015.10.09-22.05.21:263][923]LogModuleManager: Shutting down and abandoning module LevelEditor (91)
[2015.10.09-22.05.21:264][923]LogModuleManager: Shutting down and abandoning module DirectoryWatcher (90)
[2015.10.09-22.05.21:264][923]LogModuleManager: Shutting down and abandoning module AssetRegistry (89)
[2015.10.09-22.05.21:336][923]LogModuleManager: Shutting down and abandoning module ContentBrowser (88)
[2015.10.09-22.05.21:337][923]LogModuleManager: Shutting down and abandoning module Paper2DEditor (87)
[2015.10.09-22.05.21:337][923]LogModuleManager: Shutting down and abandoning module OctoberJam (86)
[2015.10.09-22.05.21:337][923]LogModuleManager: Shutting down and abandoning module UdpMessaging (85)
[2015.10.09-22.05.21:437][923]LogModuleManager: Shutting down and abandoning module LightPropagationVolumeRuntime (84)
[2015.10.09-22.05.21:437][923]LogModuleManager: Shutting down and abandoning module Paper2D (83)
[2015.10.09-22.05.21:437][923]LogModuleManager: Shutting down and abandoning module WindowsMoviePlayer (82)
[2015.10.09-22.05.21:439][923]LogModuleManager: Shutting down and abandoning module Media (81)
[2015.10.09-22.05.21:439][923]LogModuleManager: Shutting down and abandoning module WmfMedia (80)
[2015.10.09-22.05.21:439][923]LogModuleManager: Shutting down and abandoning module OnlineBlueprintSupport (79)
[2015.10.09-22.05.21:439][923]LogModuleManager: Shutting down and abandoning module GameplayTasksEditor (78)
[2015.10.09-22.05.21:439][923]LogModuleManager: Shutting down and abandoning module PropertyEditor (77)
[2015.10.09-22.05.21:439][923]LogModuleManager: Shutting down and abandoning module BehaviorTreeEditor (76)
[2015.10.09-22.05.21:439][923]LogModuleManager: Shutting down and abandoning module FunctionalTesting (75)
[2015.10.09-22.05.21:439][923]LogModuleManager: Shutting down and abandoning module CollisionAnalyzer (74)
[2015.10.09-22.05.21:439][923]LogModuleManager: Shutting down and abandoning module WorkspaceMenuStructure (73)
[2015.10.09-22.05.21:439][923]LogModuleManager: Shutting down and abandoning module MessageLog (72)
[2015.10.09-22.05.21:439][923]LogModuleManager: Shutting down and abandoning module Sequencer (71)
[2015.10.09-22.05.21:439][923]LogModuleManager: Shutting down and abandoning module AssetTools (70)
[2015.10.09-22.05.21:440][923]LogModuleManager: Shutting down and abandoning module UMGEditor (69)
[2015.10.09-22.05.21:440][923]LogModuleManager: Shutting down and abandoning module UMG (68)
[2015.10.09-22.05.21:440][923]LogModuleManager: Shutting down and abandoning module Slate (67)
[2015.10.09-22.05.21:440][923]LogModuleManager: Shutting down and abandoning module EditorStyle (66)
[2015.10.09-22.05.21:441][923]LogModuleManager: Shutting down and abandoning module SessionServices (65)
[2015.10.09-22.05.21:441][923]LogModuleManager: Shutting down and abandoning module SourceCodeAccess (64)
[2015.10.09-22.05.21:441][923]LogModuleManager: Shutting down and abandoning module HeadMountedDisplay (63)
[2015.10.09-22.05.21:441][923]LogModuleManager: Shutting down and abandoning module XAudio2 (62)
[2015.10.09-22.05.21:441][923]LogModuleManager: Shutting down and abandoning module Networking (60)
[2015.10.09-22.05.21:441][923]LogModuleManager: Shutting down and abandoning module Core (59)
[2015.10.09-22.05.21:441][923]LogModuleManager: Shutting down and abandoning module KismetCompiler (58)
[2015.10.09-22.05.21:441][923]LogModuleManager: Shutting down and abandoning module PhysXFormats (57)
[2015.10.09-22.05.21:441][923]LogModuleManager: Shutting down and abandoning module MeshUtilities (56)
[2015.10.09-22.05.21:441][923]LogModuleManager: Shutting down and abandoning module CookingStats (55)
[2015.10.09-22.05.21:442][923]LogModuleManager: Shutting down and abandoning module DerivedDataCache (54)
[2015.10.09-22.05.21:635][923]LogDerivedDataCache: Shutdown
[2015.10.09-22.05.21:635][923]LogModuleManager: Shutting down and abandoning module ShaderFormatOpenGL (53)
[2015.10.09-22.05.21:635][923]LogModuleManager: Shutting down and abandoning module ShaderFormatD3D (52)
[2015.10.09-22.05.21:635][923]LogModuleManager: Shutting down and abandoning module MetalShaderFormat (51)
[2015.10.09-22.05.21:635][923]LogModuleManager: Shutting down and abandoning module TextureFormatUncompressed (50)
[2015.10.09-22.05.21:635][923]LogModuleManager: Shutting down and abandoning module TextureFormatPVR (49)
[2015.10.09-22.05.21:635][923]LogModuleManager: Shutting down and abandoning module TextureFormatIntelISPCTexComp (48)
[2015.10.09-22.05.21:635][923]LogModuleManager: Shutting down and abandoning module TextureFormatDXT (47)
[2015.10.09-22.05.21:635][923]LogModuleManager: Shutting down and abandoning module ImageWrapper (46)
[2015.10.09-22.05.21:635][923]LogModuleManager: Shutting down and abandoning module TextureFormatASTC (45)
[2015.10.09-22.05.21:635][923]LogModuleManager: Shutting down and abandoning module TextureFormatAndroid (44)
[2015.10.09-22.05.21:635][923]LogModuleManager: Shutting down and abandoning module AudioFormatOpus (43)
[2015.10.09-22.05.21:635][923]LogModuleManager: Shutting down and abandoning module AudioFormatOgg (42)
[2015.10.09-22.05.21:635][923]LogModuleManager: Shutting down and abandoning module AudioFormatADPCM (41)
[2015.10.09-22.05.21:635][923]LogModuleManager: Shutting down and abandoning module LinuxTargetPlatform (40)
[2015.10.09-22.05.21:635][923]LogModuleManager: Shutting down and abandoning module LinuxServerTargetPlatform (39)
[2015.10.09-22.05.21:635][923]LogModuleManager: Shutting down and abandoning module LinuxNoEditorTargetPlatform (38)
[2015.10.09-22.05.21:635][923]LogModuleManager: Shutting down and abandoning module Messaging (37)
[2015.10.09-22.05.21:635][923]LogModuleManager: Shutting down and abandoning module IOSTargetPlatform (36)
[2015.10.09-22.05.21:635][923]LogModuleManager: Shutting down and abandoning module HTML5TargetPlatform (35)
[2015.10.09-22.05.21:635][923]LogModuleManager: Shutting down and abandoning module Android_PVRTCTargetPlatform (34)
[2015.10.09-22.05.21:635][923]LogModuleManager: Shutting down and abandoning module Android_ETC2TargetPlatform (33)
[2015.10.09-22.05.21:635][923]LogModuleManager: Shutting down and abandoning module Android_ETC1TargetPlatform (32)
[2015.10.09-22.05.21:635][923]LogModuleManager: Shutting down and abandoning module Android_DXTTargetPlatform (31)
[2015.10.09-22.05.21:635][923]LogModuleManager: Shutting down and abandoning module Android_ATCTargetPlatform (30)
[2015.10.09-22.05.21:635][923]LogModuleManager: Shutting down and abandoning module Android_ASTCTargetPlatform (29)
[2015.10.09-22.05.21:635][923]LogModuleManager: Shutting down and abandoning module AndroidTargetPlatform (28)
[2015.10.09-22.05.21:635][923]LogModuleManager: Shutting down and abandoning module WindowsTargetPlatform (27)
[2015.10.09-22.05.21:635][923]LogModuleManager: Shutting down and abandoning module WindowsServerTargetPlatform (26)
[2015.10.09-22.05.21:635][923]LogModuleManager: Shutting down and abandoning module WindowsNoEditorTargetPlatform (25)
[2015.10.09-22.05.21:635][923]LogModuleManager: Shutting down and abandoning module WindowsClientTargetPlatform (24)
[2015.10.09-22.05.21:635][923]LogModuleManager: Shutting down and abandoning module AllDesktopTargetPlatform (23)
[2015.10.09-22.05.21:635][923]LogModuleManager: Shutting down and abandoning module TargetPlatform (22)
[2015.10.09-22.05.21:635][923]LogModuleManager: Shutting down and abandoning module InputCore (21)
[2015.10.09-22.05.21:635][923]LogModuleManager: Shutting down and abandoning module Settings (20)
[2015.10.09-22.05.21:635][923]LogModuleManager: Shutting down and abandoning module OnlineSubsystem (18)
[2015.10.09-22.05.21:635][923]LogModuleManager: Shutting down and abandoning module HTTP (17)
[2015.10.09-22.05.23:635][923]LogModuleManager: Shutting down and abandoning module XMPP (16)
[2015.10.09-22.05.23:635][923]LogModuleManager: Shutting down and abandoning module ExampleDeviceProfileSelector (15)
[2015.10.09-22.05.23:635][923]LogModuleManager: Shutting down and abandoning module TextureCompressor (14)
[2015.10.09-22.05.23:635][923]LogModuleManager: Shutting down and abandoning module ShaderCore (13)
[2015.10.09-22.05.23:635][923]LogModuleManager: Shutting down and abandoning module Landscape (12)
[2015.10.09-22.05.23:635][923]LogModuleManager: Shutting down and abandoning module SlateRHIRenderer (11)
[2015.10.09-22.05.23:636][923]LogModuleManager: Shutting down and abandoning module OpenGLDrv (10)
[2015.10.09-22.05.23:636][923]LogModuleManager: Shutting down and abandoning module D3D11RHI (9)
[2015.10.09-22.05.23:636][923]LogModuleManager: Shutting down and abandoning module AnimGraphRuntime (8)
[2015.10.09-22.05.23:636][923]LogModuleManager: Shutting down and abandoning module Renderer (7)
[2015.10.09-22.05.23:636][923]LogModuleManager: Shutting down and abandoning module Engine (6)
[2015.10.09-22.05.23:636][923]LogModuleManager: Shutting down and abandoning module CoreUObject (5)
[2015.10.09-22.05.23:636][923]LogModuleManager: Shutting down and abandoning module NetworkFile (4)
[2015.10.09-22.05.23:636][923]LogModuleManager: Shutting down and abandoning module StreamingFile (3)
[2015.10.09-22.05.23:636][923]LogModuleManager: Shutting down and abandoning module SandboxFile (2)
[2015.10.09-22.05.23:636][923]LogModuleManager: Shutting down and abandoning module PakFile (1)
[2015.10.09-22.05.23:636][923]LogExit: Exiting.
[2015.10.09-22.05.23:637][923]Log file closed, 10/09/15 15:05:23
